0 verbose cli /data/data/com.termux/files/usr/bin/node /data/data/com.termux/files/usr/bin/npm
1 info using npm@11.12.1
2 info using node@v25.8.2
3 silly config load:file:/data/data/com.termux/files/usr/lib/node_modules/npm/npmrc
4 silly config load:file:/data/data/com.termux/files/home/downloads/testproj/.npmrc
5 silly config load:file:/data/data/com.termux/files/home/.npmrc
6 silly config load:file:/data/data/com.termux/files/usr/etc/npmrc
7 verbose title npm install next
8 verbose argv "install" "next"
9 verbose logfile logs-max:10 dir:/data/data/com.termux/files/home/.npm/_logs/2026-04-21T02_28_44_727Z-
10 verbose logfile /data/data/com.termux/files/home/.npm/_logs/2026-04-21T02_28_44_727Z-debug-0.log
11 silly logfile done cleaning log files
12 silly packumentCache heap:996409344 maxSize:249102336 maxEntrySize:124551168
13 silly idealTree buildDeps
14 silly fetch manifest next@*
15 silly packumentCache full:https://registry.npmjs.org/next cache-miss
16 http fetch GET 200 https://registry.npmjs.org/next 1131ms (cache miss)
17 silly packumentCache full:https://registry.npmjs.org/next set size:undefined disposed:false
18 silly fetch manifest @opentelemetry/api@^1.1.0
19 silly packumentCache full:https://registry.npmjs.org/@opentelemetry%2fapi cache-miss
20 http fetch GET 200 https://registry.npmjs.org/@opentelemetry%2fapi 127ms (cache miss)
21 silly packumentCache full:https://registry.npmjs.org/@opentelemetry%2fapi set size:undefined disposed:false
22 silly fetch manifest @playwright/test@^1.51.1
23 silly packumentCache full:https://registry.npmjs.org/@playwright%2ftest cache-miss
24 http fetch GET 200 https://registry.npmjs.org/@playwright%2ftest 320ms (cache miss)
25 silly packumentCache full:https://registry.npmjs.org/@playwright%2ftest set size:undefined disposed:false
26 silly fetch manifest babel-plugin-react-compiler@*
27 silly packumentCache full:https://registry.npmjs.org/babel-plugin-react-compiler cache-miss
28 http fetch GET 200 https://registry.npmjs.org/babel-plugin-react-compiler 98ms (cache miss)
29 silly packumentCache full:https://registry.npmjs.org/babel-plugin-react-compiler set size:undefined disposed:false
30 silly fetch manifest react@^18.2.0 || 19.0.0-rc-de68d2f4-20241204 || ^19.0.0
31 silly packumentCache full:https://registry.npmjs.org/react cache-miss
32 http fetch GET 200 https://registry.npmjs.org/react 331ms (cache miss)
33 silly packumentCache full:https://registry.npmjs.org/react set size:undefined disposed:false
34 silly fetch manifest react-dom@^18.2.0 || 19.0.0-rc-de68d2f4-20241204 || ^19.0.0
35 silly packumentCache full:https://registry.npmjs.org/react-dom cache-miss
36 http fetch GET 200 https://registry.npmjs.org/react-dom 261ms (cache miss)
37 silly packumentCache full:https://registry.npmjs.org/react-dom set size:undefined disposed:false
38 silly fetch manifest sass@^1.3.0
39 silly packumentCache full:https://registry.npmjs.org/sass cache-miss
40 http fetch GET 200 https://registry.npmjs.org/sass 91ms (cache miss)
41 silly packumentCache full:https://registry.npmjs.org/sass set size:undefined disposed:false
42 silly placeDep ROOT next@16.2.4 OK for: testproj@1.0.0 want: *
43 silly placeDep ROOT react@19.2.5 OK for: next@16.2.4 want: ^18.2.0 || 19.0.0-rc-de68d2f4-20241204 || ^19.0.0
44 silly placeDep ROOT react-dom@19.2.5 OK for: next@16.2.4 want: ^18.2.0 || 19.0.0-rc-de68d2f4-20241204 || ^19.0.0
45 silly fetch manifest postcss@8.4.31
46 silly packumentCache full:https://registry.npmjs.org/postcss cache-miss
47 silly fetch manifest @next/env@16.2.4
48 silly packumentCache full:https://registry.npmjs.org/@next%2fenv cache-miss
49 silly fetch manifest styled-jsx@5.1.6
50 silly packumentCache full:https://registry.npmjs.org/styled-jsx cache-miss
51 silly fetch manifest @swc/helpers@0.5.15
52 silly packumentCache full:https://registry.npmjs.org/@swc%2fhelpers cache-miss
53 silly fetch manifest caniuse-lite@^1.0.30001579
54 silly packumentCache full:https://registry.npmjs.org/caniuse-lite cache-miss
55 silly fetch manifest baseline-browser-mapping@^2.9.19
56 silly packumentCache full:https://registry.npmjs.org/baseline-browser-mapping cache-miss
57 silly fetch manifest sharp@^0.34.5
58 silly packumentCache full:https://registry.npmjs.org/sharp cache-miss
59 http fetch GET 200 https://registry.npmjs.org/postcss 93ms (cache miss)
60 silly packumentCache full:https://registry.npmjs.org/postcss set size:undefined disposed:false
61 silly fetch manifest @next/swc-darwin-x64@16.2.4
62 silly packumentCache full:https://registry.npmjs.org/@next%2fswc-darwin-x64 cache-miss
63 http fetch GET 200 https://registry.npmjs.org/styled-jsx 343ms (cache miss)
64 silly packumentCache full:https://registry.npmjs.org/styled-jsx set size:undefined disposed:false
65 silly fetch manifest @next/swc-darwin-arm64@16.2.4
66 silly packumentCache full:https://registry.npmjs.org/@next%2fswc-darwin-arm64 cache-miss
67 http fetch GET 200 https://registry.npmjs.org/baseline-browser-mapping 354ms (cache miss)
68 silly packumentCache full:https://registry.npmjs.org/baseline-browser-mapping set size:undefined disposed:false
69 silly fetch manifest @next/swc-linux-x64-gnu@16.2.4
70 silly packumentCache full:https://registry.npmjs.org/@next%2fswc-linux-x64-gnu cache-miss
71 http fetch GET 200 https://registry.npmjs.org/@swc%2fhelpers 392ms (cache miss)
72 silly packumentCache full:https://registry.npmjs.org/@swc%2fhelpers set size:undefined disposed:false
73 silly fetch manifest @next/swc-linux-x64-musl@16.2.4
74 silly packumentCache full:https://registry.npmjs.org/@next%2fswc-linux-x64-musl cache-miss
75 http fetch GET 200 https://registry.npmjs.org/sharp 417ms (cache miss)
76 silly packumentCache full:https://registry.npmjs.org/sharp set size:undefined disposed:false
77 silly fetch manifest @next/swc-win32-x64-msvc@16.2.4
78 silly packumentCache full:https://registry.npmjs.org/@next%2fswc-win32-x64-msvc cache-miss
79 http fetch GET 200 https://registry.npmjs.org/caniuse-lite 615ms (cache miss)
80 silly packumentCache full:https://registry.npmjs.org/caniuse-lite set size:undefined disposed:false
81 silly fetch manifest @next/swc-linux-arm64-gnu@16.2.4
82 silly packumentCache full:https://registry.npmjs.org/@next%2fswc-linux-arm64-gnu cache-miss
83 http fetch GET 200 https://registry.npmjs.org/@next%2fswc-darwin-x64 732ms (cache miss)
84 silly packumentCache full:https://registry.npmjs.org/@next%2fswc-darwin-x64 set size:undefined disposed:false
85 silly fetch manifest @next/swc-linux-arm64-musl@16.2.4
86 silly packumentCache full:https://registry.npmjs.org/@next%2fswc-linux-arm64-musl cache-miss
87 http fetch GET 200 https://registry.npmjs.org/@next%2fenv 1120ms (cache miss)
88 silly packumentCache full:https://registry.npmjs.org/@next%2fenv set size:undefined disposed:false
89 silly fetch manifest @next/swc-win32-arm64-msvc@16.2.4
90 silly packumentCache full:https://registry.npmjs.org/@next%2fswc-win32-arm64-msvc cache-miss
91 http fetch GET 200 https://registry.npmjs.org/@next%2fswc-linux-x64-gnu 892ms (cache miss)
92 silly packumentCache full:https://registry.npmjs.org/@next%2fswc-linux-x64-gnu set size:undefined disposed:false
93 silly fetch manifest scheduler@^0.27.0
94 silly packumentCache full:https://registry.npmjs.org/scheduler cache-miss
95 http fetch GET 200 https://registry.npmjs.org/@next%2fswc-darwin-arm64 1171ms (cache miss)
96 silly packumentCache full:https://registry.npmjs.org/@next%2fswc-darwin-arm64 set size:undefined disposed:false
97 http fetch GET 200 https://registry.npmjs.org/@next%2fswc-linux-x64-musl 1196ms (cache miss)
98 silly packumentCache full:https://registry.npmjs.org/@next%2fswc-linux-x64-musl set size:undefined disposed:false
99 http fetch GET 200 https://registry.npmjs.org/@next%2fswc-linux-arm64-gnu 1211ms (cache miss)
100 silly packumentCache full:https://registry.npmjs.org/@next%2fswc-linux-arm64-gnu set size:undefined disposed:false
101 http fetch GET 200 https://registry.npmjs.org/@next%2fswc-linux-arm64-musl 1010ms (cache miss)
102 silly packumentCache full:https://registry.npmjs.org/@next%2fswc-linux-arm64-musl set size:undefined disposed:false
103 http fetch GET 200 https://registry.npmjs.org/@next%2fswc-win32-x64-msvc 1541ms (cache miss)
104 silly packumentCache full:https://registry.npmjs.org/@next%2fswc-win32-x64-msvc set size:undefined disposed:false
105 http fetch GET 200 https://registry.npmjs.org/@next%2fswc-win32-arm64-msvc 876ms (cache miss)
106 silly packumentCache full:https://registry.npmjs.org/@next%2fswc-win32-arm64-msvc set size:undefined disposed:false
107 http fetch GET 200 https://registry.npmjs.org/scheduler 898ms (cache miss)
108 silly packumentCache full:https://registry.npmjs.org/scheduler set size:undefined disposed:false
109 silly placeDep ROOT @next/env@16.2.4 OK for: next@16.2.4 want: 16.2.4
110 silly placeDep ROOT @next/swc-darwin-arm64@16.2.4 OK for: next@16.2.4 want: 16.2.4
111 silly placeDep ROOT @next/swc-darwin-x64@16.2.4 OK for: next@16.2.4 want: 16.2.4
112 silly placeDep ROOT @next/swc-linux-arm64-gnu@16.2.4 OK for: next@16.2.4 want: 16.2.4
113 silly placeDep ROOT @next/swc-linux-arm64-musl@16.2.4 OK for: next@16.2.4 want: 16.2.4
114 silly placeDep ROOT @next/swc-linux-x64-gnu@16.2.4 OK for: next@16.2.4 want: 16.2.4
115 silly placeDep ROOT @next/swc-linux-x64-musl@16.2.4 OK for: next@16.2.4 want: 16.2.4
116 silly placeDep ROOT @next/swc-win32-arm64-msvc@16.2.4 OK for: next@16.2.4 want: 16.2.4
117 silly placeDep ROOT @next/swc-win32-x64-msvc@16.2.4 OK for: next@16.2.4 want: 16.2.4
118 silly placeDep ROOT @swc/helpers@0.5.15 OK for: next@16.2.4 want: 0.5.15
119 silly placeDep ROOT baseline-browser-mapping@2.10.20 OK for: next@16.2.4 want: ^2.9.19
120 silly placeDep ROOT caniuse-lite@1.0.30001788 OK for: next@16.2.4 want: ^1.0.30001579
121 silly placeDep ROOT postcss@8.4.31 OK for: next@16.2.4 want: 8.4.31
122 silly placeDep ROOT sharp@0.34.5 OK for: next@16.2.4 want: ^0.34.5
123 silly placeDep ROOT styled-jsx@5.1.6 OK for: next@16.2.4 want: 5.1.6
124 silly fetch manifest tslib@^2.8.0
125 silly packumentCache full:https://registry.npmjs.org/tslib cache-miss
126 silly fetch manifest nanoid@^3.3.6
127 silly packumentCache full:https://registry.npmjs.org/nanoid cache-miss
128 silly fetch manifest picocolors@^1.0.0
129 silly packumentCache full:https://registry.npmjs.org/picocolors cache-miss
130 silly fetch manifest source-map-js@^1.0.2
131 silly packumentCache full:https://registry.npmjs.org/source-map-js cache-miss
132 silly fetch manifest @img/colour@^1.0.0
133 silly packumentCache full:https://registry.npmjs.org/@img%2fcolour cache-miss
134 silly fetch manifest detect-libc@^2.1.2
135 silly packumentCache full:https://registry.npmjs.org/detect-libc cache-miss
136 silly fetch manifest @img/sharp-wasm32@0.34.5
137 silly packumentCache full:https://registry.npmjs.org/@img%2fsharp-wasm32 cache-miss
138 http fetch GET 200 https://registry.npmjs.org/detect-libc 85ms (cache miss)
139 silly packumentCache full:https://registry.npmjs.org/detect-libc set size:undefined disposed:false
140 silly fetch manifest @img/sharp-linux-arm@0.34.5
141 silly packumentCache full:https://registry.npmjs.org/@img%2fsharp-linux-arm cache-miss
142 http fetch GET 200 https://registry.npmjs.org/source-map-js 92ms (cache miss)
143 silly packumentCache full:https://registry.npmjs.org/source-map-js set size:undefined disposed:false
144 silly fetch manifest @img/sharp-linux-x64@0.34.5
145 silly packumentCache full:https://registry.npmjs.org/@img%2fsharp-linux-x64 cache-miss
146 http fetch GET 200 https://registry.npmjs.org/picocolors 101ms (cache miss)
147 silly packumentCache full:https://registry.npmjs.org/picocolors set size:undefined disposed:false
148 silly fetch manifest @img/sharp-win32-x64@0.34.5
149 silly packumentCache full:https://registry.npmjs.org/@img%2fsharp-win32-x64 cache-miss
150 http fetch GET 200 https://registry.npmjs.org/@img%2fcolour 104ms (cache miss)
151 silly packumentCache full:https://registry.npmjs.org/@img%2fcolour set size:undefined disposed:false
152 silly fetch manifest @img/sharp-darwin-x64@0.34.5
153 silly packumentCache full:https://registry.npmjs.org/@img%2fsharp-darwin-x64 cache-miss
154 http fetch GET 200 https://registry.npmjs.org/tslib 113ms (cache miss)
155 silly packumentCache full:https://registry.npmjs.org/tslib set size:undefined disposed:false
156 silly fetch manifest @img/sharp-win32-ia32@0.34.5
157 silly packumentCache full:https://registry.npmjs.org/@img%2fsharp-win32-ia32 cache-miss
158 http fetch GET 200 https://registry.npmjs.org/@img%2fsharp-wasm32 115ms (cache miss)
159 silly packumentCache full:https://registry.npmjs.org/@img%2fsharp-wasm32 set size:undefined disposed:false
160 silly fetch manifest @img/sharp-linux-arm64@0.34.5
161 silly packumentCache full:https://registry.npmjs.org/@img%2fsharp-linux-arm64 cache-miss
162 http fetch GET 200 https://registry.npmjs.org/nanoid 130ms (cache miss)
163 silly packumentCache full:https://registry.npmjs.org/nanoid set size:undefined disposed:false
164 silly fetch manifest @img/sharp-linux-ppc64@0.34.5
165 silly packumentCache full:https://registry.npmjs.org/@img%2fsharp-linux-ppc64 cache-miss
166 http fetch GET 200 https://registry.npmjs.org/@img%2fsharp-linux-arm 73ms (cache miss)
167 silly packumentCache full:https://registry.npmjs.org/@img%2fsharp-linux-arm set size:undefined disposed:false
168 silly fetch manifest @img/sharp-linux-s390x@0.34.5
169 silly packumentCache full:https://registry.npmjs.org/@img%2fsharp-linux-s390x cache-miss
170 http fetch GET 200 https://registry.npmjs.org/@img%2fsharp-linux-x64 79ms (cache miss)
171 silly packumentCache full:https://registry.npmjs.org/@img%2fsharp-linux-x64 set size:undefined disposed:false
172 silly fetch manifest @img/sharp-win32-arm64@0.34.5
173 silly packumentCache full:https://registry.npmjs.org/@img%2fsharp-win32-arm64 cache-miss
174 http fetch GET 200 https://registry.npmjs.org/@img%2fsharp-win32-x64 82ms (cache miss)
175 silly packumentCache full:https://registry.npmjs.org/@img%2fsharp-win32-x64 set size:undefined disposed:false
176 silly fetch manifest @img/sharp-darwin-arm64@0.34.5
177 silly packumentCache full:https://registry.npmjs.org/@img%2fsharp-darwin-arm64 cache-miss
178 http fetch GET 200 https://registry.npmjs.org/@img%2fsharp-darwin-x64 84ms (cache miss)
179 silly packumentCache full:https://registry.npmjs.org/@img%2fsharp-darwin-x64 set size:undefined disposed:false
180 silly fetch manifest @img/sharp-linux-riscv64@0.34.5
181 silly packumentCache full:https://registry.npmjs.org/@img%2fsharp-linux-riscv64 cache-miss
182 http fetch GET 200 https://registry.npmjs.org/@img%2fsharp-win32-ia32 89ms (cache miss)
183 silly packumentCache full:https://registry.npmjs.org/@img%2fsharp-win32-ia32 set size:undefined disposed:false
184 silly fetch manifest @img/sharp-linuxmusl-x64@0.34.5
185 silly packumentCache full:https://registry.npmjs.org/@img%2fsharp-linuxmusl-x64 cache-miss
186 http fetch GET 200 https://registry.npmjs.org/@img%2fsharp-linux-arm64 89ms (cache miss)
187 silly packumentCache full:https://registry.npmjs.org/@img%2fsharp-linux-arm64 set size:undefined disposed:false
188 silly fetch manifest @img/sharp-linuxmusl-arm64@0.34.5
189 silly packumentCache full:https://registry.npmjs.org/@img%2fsharp-linuxmusl-arm64 cache-miss
190 http fetch GET 200 https://registry.npmjs.org/@img%2fsharp-linux-ppc64 73ms (cache miss)
191 silly packumentCache full:https://registry.npmjs.org/@img%2fsharp-linux-ppc64 set size:undefined disposed:false
192 silly fetch manifest @img/sharp-libvips-linux-arm@1.2.4
193 silly packumentCache full:https://registry.npmjs.org/@img%2fsharp-libvips-linux-arm cache-miss
194 http fetch GET 200 https://registry.npmjs.org/@img%2fsharp-linux-s390x 67ms (cache miss)
195 silly packumentCache full:https://registry.npmjs.org/@img%2fsharp-linux-s390x set size:undefined disposed:false
196 silly fetch manifest @img/sharp-libvips-linux-x64@1.2.4
197 silly packumentCache full:https://registry.npmjs.org/@img%2fsharp-libvips-linux-x64 cache-miss
198 http fetch GET 200 https://registry.npmjs.org/@img%2fsharp-win32-arm64 78ms (cache miss)
199 silly packumentCache full:https://registry.npmjs.org/@img%2fsharp-win32-arm64 set size:undefined disposed:false
200 silly fetch manifest @img/sharp-libvips-darwin-x64@1.2.4
201 silly packumentCache full:https://registry.npmjs.org/@img%2fsharp-libvips-darwin-x64 cache-miss
202 http fetch GET 200 https://registry.npmjs.org/@img%2fsharp-linux-riscv64 77ms (cache miss)
203 silly packumentCache full:https://registry.npmjs.org/@img%2fsharp-linux-riscv64 set size:undefined disposed:false
204 silly fetch manifest @img/sharp-libvips-linux-arm64@1.2.4
205 silly packumentCache full:https://registry.npmjs.org/@img%2fsharp-libvips-linux-arm64 cache-miss
206 http fetch GET 200 https://registry.npmjs.org/@img%2fsharp-darwin-arm64 87ms (cache miss)
207 silly packumentCache full:https://registry.npmjs.org/@img%2fsharp-darwin-arm64 set size:undefined disposed:false
208 silly fetch manifest @img/sharp-libvips-linux-ppc64@1.2.4
209 silly packumentCache full:https://registry.npmjs.org/@img%2fsharp-libvips-linux-ppc64 cache-miss
210 http fetch GET 200 https://registry.npmjs.org/@img%2fsharp-linuxmusl-x64 82ms (cache miss)
211 silly packumentCache full:https://registry.npmjs.org/@img%2fsharp-linuxmusl-x64 set size:undefined disposed:false
212 silly fetch manifest @img/sharp-libvips-linux-s390x@1.2.4
213 silly packumentCache full:https://registry.npmjs.org/@img%2fsharp-libvips-linux-s390x cache-miss
214 http fetch GET 200 https://registry.npmjs.org/@img%2fsharp-linuxmusl-arm64 87ms (cache miss)
215 silly packumentCache full:https://registry.npmjs.org/@img%2fsharp-linuxmusl-arm64 set size:undefined disposed:false
216 silly fetch manifest @img/sharp-libvips-darwin-arm64@1.2.4
217 silly packumentCache full:https://registry.npmjs.org/@img%2fsharp-libvips-darwin-arm64 cache-miss
218 http fetch GET 200 https://registry.npmjs.org/@img%2fsharp-libvips-linux-arm 87ms (cache miss)
219 silly packumentCache full:https://registry.npmjs.org/@img%2fsharp-libvips-linux-arm set size:undefined disposed:false
220 silly fetch manifest @img/sharp-libvips-linux-riscv64@1.2.4
221 silly packumentCache full:https://registry.npmjs.org/@img%2fsharp-libvips-linux-riscv64 cache-miss
222 http fetch GET 200 https://registry.npmjs.org/@img%2fsharp-libvips-linux-x64 76ms (cache miss)
223 silly packumentCache full:https://registry.npmjs.org/@img%2fsharp-libvips-linux-x64 set size:undefined disposed:false
224 silly fetch manifest @img/sharp-libvips-linuxmusl-x64@1.2.4
225 silly packumentCache full:https://registry.npmjs.org/@img%2fsharp-libvips-linuxmusl-x64 cache-miss
226 http fetch GET 200 https://registry.npmjs.org/@img%2fsharp-libvips-darwin-arm64 84ms (cache miss)
227 silly packumentCache full:https://registry.npmjs.org/@img%2fsharp-libvips-darwin-arm64 set size:undefined disposed:false
228 silly fetch manifest @img/sharp-libvips-linuxmusl-arm64@1.2.4
229 silly packumentCache full:https://registry.npmjs.org/@img%2fsharp-libvips-linuxmusl-arm64 cache-miss
230 http fetch GET 200 https://registry.npmjs.org/@img%2fsharp-libvips-linux-arm64 120ms (cache miss)
231 silly packumentCache full:https://registry.npmjs.org/@img%2fsharp-libvips-linux-arm64 set size:undefined disposed:false
232 silly fetch manifest client-only@0.0.1
233 silly packumentCache full:https://registry.npmjs.org/client-only cache-miss
234 http fetch GET 200 https://registry.npmjs.org/@img%2fsharp-libvips-linux-ppc64 119ms (cache miss)
235 silly packumentCache full:https://registry.npmjs.org/@img%2fsharp-libvips-linux-ppc64 set size:undefined disposed:false
236 http fetch GET 200 https://registry.npmjs.org/@img%2fsharp-libvips-linux-s390x 110ms (cache miss)
237 silly packumentCache full:https://registry.npmjs.org/@img%2fsharp-libvips-linux-s390x set size:undefined disposed:false
238 http fetch GET 200 https://registry.npmjs.org/@img%2fsharp-libvips-darwin-x64 147ms (cache miss)
239 silly packumentCache full:https://registry.npmjs.org/@img%2fsharp-libvips-darwin-x64 set size:undefined disposed:false
240 http fetch GET 200 https://registry.npmjs.org/@img%2fsharp-libvips-linuxmusl-x64 91ms (cache miss)
241 silly packumentCache full:https://registry.npmjs.org/@img%2fsharp-libvips-linuxmusl-x64 set size:undefined disposed:false
242 http fetch GET 200 https://registry.npmjs.org/@img%2fsharp-libvips-linux-riscv64 103ms (cache miss)
243 silly packumentCache full:https://registry.npmjs.org/@img%2fsharp-libvips-linux-riscv64 set size:undefined disposed:false
244 http fetch GET 200 https://registry.npmjs.org/client-only 49ms (cache miss)
245 silly packumentCache full:https://registry.npmjs.org/client-only set size:undefined disposed:false
246 http fetch GET 200 https://registry.npmjs.org/@img%2fsharp-libvips-linuxmusl-arm64 62ms (cache miss)
247 silly packumentCache full:https://registry.npmjs.org/@img%2fsharp-libvips-linuxmusl-arm64 set size:undefined disposed:false
248 silly placeDep ROOT tslib@2.8.1 OK for: @swc/helpers@0.5.15 want: ^2.8.0
249 silly placeDep ROOT nanoid@3.3.11 OK for: postcss@8.4.31 want: ^3.3.6
250 silly placeDep ROOT picocolors@1.1.1 OK for: postcss@8.4.31 want: ^1.0.0
251 silly placeDep ROOT source-map-js@1.2.1 OK for: postcss@8.4.31 want: ^1.0.2
252 silly placeDep ROOT scheduler@0.27.0 OK for: react-dom@19.2.5 want: ^0.27.0
253 silly placeDep ROOT @img/colour@1.1.0 OK for: sharp@0.34.5 want: ^1.0.0
254 silly placeDep ROOT @img/sharp-darwin-arm64@0.34.5 OK for: sharp@0.34.5 want: 0.34.5
255 silly placeDep ROOT @img/sharp-darwin-x64@0.34.5 OK for: sharp@0.34.5 want: 0.34.5
256 silly placeDep ROOT @img/sharp-libvips-darwin-arm64@1.2.4 OK for: sharp@0.34.5 want: 1.2.4
257 silly placeDep ROOT @img/sharp-libvips-darwin-x64@1.2.4 OK for: sharp@0.34.5 want: 1.2.4
258 silly placeDep ROOT @img/sharp-libvips-linux-arm@1.2.4 OK for: sharp@0.34.5 want: 1.2.4
259 silly placeDep ROOT @img/sharp-libvips-linux-arm64@1.2.4 OK for: sharp@0.34.5 want: 1.2.4
260 silly placeDep ROOT @img/sharp-libvips-linux-ppc64@1.2.4 OK for: sharp@0.34.5 want: 1.2.4
261 silly placeDep ROOT @img/sharp-libvips-linux-riscv64@1.2.4 OK for: sharp@0.34.5 want: 1.2.4
262 silly placeDep ROOT @img/sharp-libvips-linux-s390x@1.2.4 OK for: sharp@0.34.5 want: 1.2.4
263 silly placeDep ROOT @img/sharp-libvips-linux-x64@1.2.4 OK for: sharp@0.34.5 want: 1.2.4
264 silly placeDep ROOT @img/sharp-libvips-linuxmusl-arm64@1.2.4 OK for: sharp@0.34.5 want: 1.2.4
265 silly placeDep ROOT @img/sharp-libvips-linuxmusl-x64@1.2.4 OK for: sharp@0.34.5 want: 1.2.4
266 silly placeDep ROOT @img/sharp-linux-arm@0.34.5 OK for: sharp@0.34.5 want: 0.34.5
267 silly placeDep ROOT @img/sharp-linux-arm64@0.34.5 OK for: sharp@0.34.5 want: 0.34.5
268 silly placeDep ROOT @img/sharp-linux-ppc64@0.34.5 OK for: sharp@0.34.5 want: 0.34.5
269 silly placeDep ROOT @img/sharp-linux-riscv64@0.34.5 OK for: sharp@0.34.5 want: 0.34.5
270 silly placeDep ROOT @img/sharp-linux-s390x@0.34.5 OK for: sharp@0.34.5 want: 0.34.5
271 silly placeDep ROOT @img/sharp-linux-x64@0.34.5 OK for: sharp@0.34.5 want: 0.34.5
272 silly placeDep ROOT @img/sharp-linuxmusl-arm64@0.34.5 OK for: sharp@0.34.5 want: 0.34.5
273 silly placeDep ROOT @img/sharp-linuxmusl-x64@0.34.5 OK for: sharp@0.34.5 want: 0.34.5
274 silly placeDep ROOT @img/sharp-wasm32@0.34.5 OK for: sharp@0.34.5 want: 0.34.5
275 silly placeDep ROOT @img/sharp-win32-arm64@0.34.5 OK for: sharp@0.34.5 want: 0.34.5
276 silly placeDep ROOT @img/sharp-win32-ia32@0.34.5 OK for: sharp@0.34.5 want: 0.34.5
277 silly placeDep ROOT @img/sharp-win32-x64@0.34.5 OK for: sharp@0.34.5 want: 0.34.5
278 silly placeDep ROOT detect-libc@2.1.2 OK for: sharp@0.34.5 want: ^2.1.2
279 silly fetch manifest @emnapi/runtime@^1.7.0
280 silly packumentCache full:https://registry.npmjs.org/@emnapi%2fruntime cache-miss
281 http fetch GET 200 https://registry.npmjs.org/@emnapi%2fruntime 80ms (cache miss)
282 silly packumentCache full:https://registry.npmjs.org/@emnapi%2fruntime set size:undefined disposed:false
283 silly placeDep ROOT @emnapi/runtime@1.10.0 OK for: @img/sharp-wasm32@0.34.5 want: ^1.7.0
284 silly placeDep ROOT client-only@0.0.1 OK for: styled-jsx@5.1.6 want: 0.0.1
285 silly reify moves {}
286 silly audit bulk request {
286 silly audit   '@fastify/ajv-compiler': [ '4.0.5' ],
286 silly audit   '@fastify/error': [ '4.2.0' ],
286 silly audit   '@fastify/fast-json-stringify-compiler': [ '5.0.3' ],
286 silly audit   '@fastify/forwarded': [ '3.0.1' ],
286 silly audit   '@fastify/merge-json-schemas': [ '0.2.1' ],
286 silly audit   '@fastify/proxy-addr': [ '5.1.0' ],
286 silly audit   'ipaddr.js': [ '2.3.0', '1.9.1' ],
286 silly audit   '@pinojs/redact': [ '0.4.0' ],
286 silly audit   'abstract-logging': [ '2.0.1' ],
286 silly audit   accepts: [ '2.0.0' ],
286 silly audit   ajv: [ '8.18.0' ],
286 silly audit   'ajv-formats': [ '3.0.1' ],
286 silly audit   'atomic-sleep': [ '1.0.0' ],
286 silly audit   avvio: [ '9.2.0' ],
286 silly audit   'body-parser': [ '2.2.2' ],
286 silly audit   bytes: [ '3.1.2' ],
286 silly audit   'call-bind-apply-helpers': [ '1.0.2' ],
286 silly audit   'call-bound': [ '1.0.4' ],
286 silly audit   'content-disposition': [ '1.1.0' ],
286 silly audit   'content-type': [ '1.0.5' ],
286 silly audit   cookie: [ '0.7.2', '1.1.1' ],
286 silly audit   'cookie-signature': [ '1.2.2' ],
286 silly audit   debug: [ '4.4.3' ],
286 silly audit   depd: [ '2.0.0' ],
286 silly audit   dequal: [ '2.0.3' ],
286 silly audit   'dunder-proto': [ '1.0.1' ],
286 silly audit   'ee-first': [ '1.1.1' ],
286 silly audit   encodeurl: [ '2.0.0' ],
286 silly audit   'es-define-property': [ '1.0.1' ],
286 silly audit   'es-errors': [ '1.3.0' ],
286 silly audit   'es-object-atoms': [ '1.1.1' ],
286 silly audit   'escape-html': [ '1.0.3' ],
286 silly audit   etag: [ '1.8.1' ],
286 silly audit   express: [ '5.2.1' ],
286 silly audit   'fast-decode-uri-component': [ '1.0.1' ],
286 silly audit   'fast-deep-equal': [ '3.1.3' ],
286 silly audit   'fast-json-stringify': [ '6.3.0' ],
286 silly audit   'fast-querystring': [ '1.1.2' ],
286 silly audit   'fast-uri': [ '3.1.0' ],
286 silly audit   fastify: [ '5.8.5' ],
286 silly audit   fastq: [ '1.20.1' ],
286 silly audit   finalhandler: [ '2.1.1' ],
286 silly audit   'find-my-way': [ '9.5.0' ],
286 silly audit   forwarded: [ '0.2.0' ],
286 silly audit   fresh: [ '2.0.0' ],
286 silly audit   'function-bind': [ '1.1.2' ],
286 silly audit   'get-intrinsic': [ '1.3.0' ],
286 silly audit   'get-proto': [ '1.0.1' ],
286 silly audit   gopd: [ '1.2.0' ],
286 silly audit   'has-symbols': [ '1.1.0' ],
286 silly audit   hasown: [ '2.0.3' ],
286 silly audit   'http-errors': [ '2.0.1' ],
286 silly audit   'iconv-lite': [ '0.7.2' ],
286 silly audit   inherits: [ '2.0.4' ],
286 silly audit   'is-promise': [ '4.0.0' ],
286 silly audit   'json-schema-ref-resolver': [ '3.0.0' ],
286 silly audit   'json-schema-traverse': [ '1.0.0' ],
286 silly audit   'light-my-request': [ '6.6.0' ],
286 silly audit   'process-warning': [ '4.0.1', '5.0.0' ],
286 silly audit   'math-intrinsics': [ '1.1.0' ],
286 silly audit   'media-typer': [ '1.1.0' ],
286 silly audit   'merge-descriptors': [ '2.0.0' ],
286 silly audit   'mime-db': [ '1.54.0' ],
286 silly audit   'mime-types': [ '3.0.2' ],
286 silly audit   ms: [ '2.1.3' ],
286 silly audit   negotiator: [ '1.0.0' ],
286 silly audit   'object-inspect': [ '1.13.4' ],
286 silly audit   'on-exit-leak-free': [ '2.1.2' ],
286 silly audit   'on-finished': [ '2.4.1' ],
286 silly audit   once: [ '1.4.0' ],
286 silly audit   parseurl: [ '1.3.3' ],
286 silly audit   'path-to-regexp': [ '8.4.2' ],
286 silly audit   pino: [ '10.3.1' ],
286 silly audit   'pino-abstract-transport': [ '3.0.0' ],
286 silly audit   'pino-std-serializers': [ '7.1.0' ],
286 silly audit   'proxy-addr': [ '2.0.7' ],
286 silly audit   qs: [ '6.15.1' ],
286 silly audit   'quick-format-unescaped': [ '4.0.4' ],
286 silly audit   'range-parser': [ '1.2.1' ],
286 silly audit   'raw-body': [ '3.0.2' ],
286 silly audit   'real-require': [ '0.2.0' ],
286 silly audit   'require-from-string': [ '2.0.2' ],
286 silly audit   ret: [ '0.5.0' ],
286 silly audit   reusify: [ '1.1.0' ],
286 silly audit   rfdc: [ '1.4.1' ],
286 silly audit   router: [ '2.2.0' ],
286 silly audit   'safe-regex2': [ '5.1.1' ],
286 silly audit   'safe-stable-stringify': [ '2.5.0' ],
286 silly audit   'safer-buffer': [ '2.1.2' ],
286 silly audit   'secure-json-parse': [ '4.1.0' ],
286 silly audit   semver: [ '7.7.4' ],
286 silly audit   send: [ '1.2.1' ],
286 silly audit   'serve-static': [ '2.2.1' ],
286 silly audit   'set-cookie-parser': [ '2.7.2' ],
286 silly audit   setprototypeof: [ '1.2.0' ],
286 silly audit   'side-channel': [ '1.1.0' ],
286 silly audit   'side-channel-list': [ '1.0.1' ],
286 silly audit   'side-channel-map': [ '1.0.1' ],
286 silly audit   'side-channel-weakmap': [ '1.0.2' ],
286 silly audit   'sonic-boom': [ '4.2.1' ],
286 silly audit   split2: [ '4.2.0' ],
286 silly audit   statuses: [ '2.0.2' ],
286 silly audit   'thread-stream': [ '4.0.0' ],
286 silly audit   'toad-cache': [ '3.7.0' ],
286 silly audit   toidentifier: [ '1.0.1' ],
286 silly audit   'type-is': [ '2.0.1' ],
286 silly audit   unpipe: [ '1.0.0' ],
286 silly audit   vary: [ '1.1.2' ],
286 silly audit   wrappy: [ '1.0.2' ],
286 silly audit   next: [ '16.2.4' ],
286 silly audit   react: [ '19.2.5' ],
286 silly audit   'react-dom': [ '19.2.5' ],
286 silly audit   '@next/env': [ '16.2.4' ],
286 silly audit   '@next/swc-darwin-arm64': [ '16.2.4' ],
286 silly audit   '@next/swc-darwin-x64': [ '16.2.4' ],
286 silly audit   '@next/swc-linux-arm64-gnu': [ '16.2.4' ],
286 silly audit   '@next/swc-linux-arm64-musl': [ '16.2.4' ],
286 silly audit   '@next/swc-linux-x64-gnu': [ '16.2.4' ],
286 silly audit   '@next/swc-linux-x64-musl': [ '16.2.4' ],
286 silly audit   '@next/swc-win32-arm64-msvc': [ '16.2.4' ],
286 silly audit   '@next/swc-win32-x64-msvc': [ '16.2.4' ],
286 silly audit   '@swc/helpers': [ '0.5.15' ],
286 silly audit   'baseline-browser-mapping': [ '2.10.20' ],
286 silly audit   'caniuse-lite': [ '1.0.30001788' ],
286 silly audit   postcss: [ '8.4.31' ],
286 silly audit   sharp: [ '0.34.5' ],
286 silly audit   'styled-jsx': [ '5.1.6' ],
286 silly audit   tslib: [ '2.8.1' ],
286 silly audit   nanoid: [ '3.3.11' ],
286 silly audit   picocolors: [ '1.1.1' ],
286 silly audit   'source-map-js': [ '1.2.1' ],
286 silly audit   scheduler: [ '0.27.0' ],
286 silly audit   '@img/colour': [ '1.1.0' ],
286 silly audit   '@img/sharp-darwin-arm64': [ '0.34.5' ],
286 silly audit   '@img/sharp-darwin-x64': [ '0.34.5' ],
286 silly audit   '@img/sharp-libvips-darwin-arm64': [ '1.2.4' ],
286 silly audit   '@img/sharp-libvips-darwin-x64': [ '1.2.4' ],
286 silly audit   '@img/sharp-libvips-linux-arm': [ '1.2.4' ],
286 silly audit   '@img/sharp-libvips-linux-arm64': [ '1.2.4' ],
286 silly audit   '@img/sharp-libvips-linux-ppc64': [ '1.2.4' ],
286 silly audit   '@img/sharp-libvips-linux-riscv64': [ '1.2.4' ],
286 silly audit   '@img/sharp-libvips-linux-s390x': [ '1.2.4' ],
286 silly audit   '@img/sharp-libvips-linux-x64': [ '1.2.4' ],
286 silly audit   '@img/sharp-libvips-linuxmusl-arm64': [ '1.2.4' ],
286 silly audit   '@img/sharp-libvips-linuxmusl-x64': [ '1.2.4' ],
286 silly audit   '@img/sharp-linux-arm': [ '0.34.5' ],
286 silly audit   '@img/sharp-linux-arm64': [ '0.34.5' ],
286 silly audit   '@img/sharp-linux-ppc64': [ '0.34.5' ],
286 silly audit   '@img/sharp-linux-riscv64': [ '0.34.5' ],
286 silly audit   '@img/sharp-linux-s390x': [ '0.34.5' ],
286 silly audit   '@img/sharp-linux-x64': [ '0.34.5' ],
286 silly audit   '@img/sharp-linuxmusl-arm64': [ '0.34.5' ],
286 silly audit   '@img/sharp-linuxmusl-x64': [ '0.34.5' ],
286 silly audit   '@img/sharp-wasm32': [ '0.34.5' ],
286 silly audit   '@img/sharp-win32-arm64': [ '0.34.5' ],
286 silly audit   '@img/sharp-win32-ia32': [ '0.34.5' ],
286 silly audit   '@img/sharp-win32-x64': [ '0.34.5' ],
286 silly audit   'detect-libc': [ '2.1.2' ],
286 silly audit   '@emnapi/runtime': [ '1.10.0' ],
286 silly audit   'client-only': [ '0.0.1' ]
286 silly audit }
287 http cache client-only@https://registry.npmjs.org/client-only/-/client-only-0.0.1.tgz 1ms (cache hit)
288 http cache detect-libc@https://registry.npmjs.org/detect-libc/-/detect-libc-2.1.2.tgz 0ms (cache hit)
289 http cache @img/colour@https://registry.npmjs.org/@img/colour/-/colour-1.1.0.tgz 0ms (cache hit)
290 http cache scheduler@https://registry.npmjs.org/scheduler/-/scheduler-0.27.0.tgz 0ms (cache hit)
291 http cache source-map-js@https://registry.npmjs.org/source-map-js/-/source-map-js-1.2.1.tgz 0ms (cache hit)
292 http cache picocolors@https://registry.npmjs.org/picocolors/-/picocolors-1.1.1.tgz 0ms (cache hit)
293 http cache nanoid@https://registry.npmjs.org/nanoid/-/nanoid-3.3.11.tgz 0ms (cache hit)
294 http cache tslib@https://registry.npmjs.org/tslib/-/tslib-2.8.1.tgz 0ms (cache hit)
295 http cache styled-jsx@https://registry.npmjs.org/styled-jsx/-/styled-jsx-5.1.6.tgz 0ms (cache hit)
296 http cache sharp@https://registry.npmjs.org/sharp/-/sharp-0.34.5.tgz 0ms (cache hit)
297 http cache postcss@https://registry.npmjs.org/postcss/-/postcss-8.4.31.tgz 0ms (cache hit)
298 http cache caniuse-lite@https://registry.npmjs.org/caniuse-lite/-/caniuse-lite-1.0.30001788.tgz 0ms (cache hit)
299 http cache baseline-browser-mapping@https://registry.npmjs.org/baseline-browser-mapping/-/baseline-browser-mapping-2.10.20.tgz 0ms (cache hit)
300 http cache @swc/helpers@https://registry.npmjs.org/@swc/helpers/-/helpers-0.5.15.tgz 0ms (cache hit)
301 http cache @next/env@https://registry.npmjs.org/@next/env/-/env-16.2.4.tgz 0ms (cache hit)
302 http cache react-dom@https://registry.npmjs.org/react-dom/-/react-dom-19.2.5.tgz 0ms (cache hit)
303 http cache react@https://registry.npmjs.org/react/-/react-19.2.5.tgz 0ms (cache hit)
304 http cache next@https://registry.npmjs.org/next/-/next-16.2.4.tgz 0ms (cache hit)
305 silly tarball no local data for client-only@https://registry.npmjs.org/client-only/-/client-only-0.0.1.tgz. Extracting by manifest.
306 silly tarball no local data for @img/colour@https://registry.npmjs.org/@img/colour/-/colour-1.1.0.tgz. Extracting by manifest.
307 silly tarball no local data for scheduler@https://registry.npmjs.org/scheduler/-/scheduler-0.27.0.tgz. Extracting by manifest.
308 silly tarball no local data for detect-libc@https://registry.npmjs.org/detect-libc/-/detect-libc-2.1.2.tgz. Extracting by manifest.
309 silly tarball no local data for source-map-js@https://registry.npmjs.org/source-map-js/-/source-map-js-1.2.1.tgz. Extracting by manifest.
310 silly tarball no local data for picocolors@https://registry.npmjs.org/picocolors/-/picocolors-1.1.1.tgz. Extracting by manifest.
311 silly tarball no local data for nanoid@https://registry.npmjs.org/nanoid/-/nanoid-3.3.11.tgz. Extracting by manifest.
312 silly tarball no local data for tslib@https://registry.npmjs.org/tslib/-/tslib-2.8.1.tgz. Extracting by manifest.
313 silly tarball no local data for styled-jsx@https://registry.npmjs.org/styled-jsx/-/styled-jsx-5.1.6.tgz. Extracting by manifest.
314 silly tarball no local data for sharp@https://registry.npmjs.org/sharp/-/sharp-0.34.5.tgz. Extracting by manifest.
315 silly tarball no local data for postcss@https://registry.npmjs.org/postcss/-/postcss-8.4.31.tgz. Extracting by manifest.
316 silly tarball no local data for caniuse-lite@https://registry.npmjs.org/caniuse-lite/-/caniuse-lite-1.0.30001788.tgz. Extracting by manifest.
317 silly tarball no local data for baseline-browser-mapping@https://registry.npmjs.org/baseline-browser-mapping/-/baseline-browser-mapping-2.10.20.tgz. Extracting by manifest.
318 silly tarball no local data for @swc/helpers@https://registry.npmjs.org/@swc/helpers/-/helpers-0.5.15.tgz. Extracting by manifest.
319 silly tarball no local data for @next/env@https://registry.npmjs.org/@next/env/-/env-16.2.4.tgz. Extracting by manifest.
320 silly tarball no local data for react-dom@https://registry.npmjs.org/react-dom/-/react-dom-19.2.5.tgz. Extracting by manifest.
321 silly tarball no local data for react@https://registry.npmjs.org/react/-/react-19.2.5.tgz. Extracting by manifest.
322 silly tarball no local data for next@https://registry.npmjs.org/next/-/next-16.2.4.tgz. Extracting by manifest.
323 http fetch POST 200 https://registry.npmjs.org/-/npm/v1/security/advisories/bulk 185ms
324 silly audit report {}
325 http fetch GET 200 https://registry.npmjs.org/picocolors/-/picocolors-1.1.1.tgz 258ms (cache miss)
326 http fetch GET 200 https://registry.npmjs.org/client-only/-/client-only-0.0.1.tgz 276ms (cache miss)
327 http fetch GET 200 https://registry.npmjs.org/detect-libc/-/detect-libc-2.1.2.tgz 275ms (cache miss)
328 http fetch GET 200 https://registry.npmjs.org/@img/colour/-/colour-1.1.0.tgz 280ms (cache miss)
329 http fetch GET 200 https://registry.npmjs.org/@next/env/-/env-16.2.4.tgz 262ms (cache miss)
330 http fetch GET 200 https://registry.npmjs.org/scheduler/-/scheduler-0.27.0.tgz 313ms (cache miss)
331 http fetch GET 200 https://registry.npmjs.org/source-map-js/-/source-map-js-1.2.1.tgz 327ms (cache miss)
332 http fetch GET 200 https://registry.npmjs.org/react/-/react-19.2.5.tgz 373ms (cache miss)
333 http fetch GET 200 https://registry.npmjs.org/tslib/-/tslib-2.8.1.tgz 551ms (cache miss)
334 http fetch GET 200 https://registry.npmjs.org/nanoid/-/nanoid-3.3.11.tgz 572ms (cache miss)
335 http fetch GET 200 https://registry.npmjs.org/baseline-browser-mapping/-/baseline-browser-mapping-2.10.20.tgz 591ms (cache miss)
336 http fetch GET 200 https://registry.npmjs.org/styled-jsx/-/styled-jsx-5.1.6.tgz 740ms (cache miss)
337 http fetch GET 200 https://registry.npmjs.org/sharp/-/sharp-0.34.5.tgz 858ms (cache miss)
338 http fetch GET 200 https://registry.npmjs.org/postcss/-/postcss-8.4.31.tgz 865ms (cache miss)
339 http fetch GET 200 https://registry.npmjs.org/react-dom/-/react-dom-19.2.5.tgz 1114ms (cache miss)
340 http fetch GET 200 https://registry.npmjs.org/@swc/helpers/-/helpers-0.5.15.tgz 1583ms (cache miss)
341 http fetch GET 200 https://registry.npmjs.org/caniuse-lite/-/caniuse-lite-1.0.30001788.tgz 2749ms (cache miss)
342 http fetch GET 200 https://registry.npmjs.org/next/-/next-16.2.4.tgz 16235ms (cache miss)
343 info run sharp@0.34.5 install node_modules/sharp node install/check.js || npm run build
344 info run sharp@0.34.5 install { code: 0, signal: null }
345 silly ADD node_modules/client-only
346 silly ADD node_modules/detect-libc
347 silly ADD node_modules/@img/colour
348 silly ADD node_modules/scheduler
349 silly ADD node_modules/source-map-js
350 silly ADD node_modules/picocolors
351 silly ADD node_modules/nanoid
352 silly ADD node_modules/tslib
353 silly ADD node_modules/styled-jsx
354 silly ADD node_modules/sharp
355 silly ADD node_modules/postcss
356 silly ADD node_modules/caniuse-lite
357 silly ADD node_modules/baseline-browser-mapping
358 silly ADD node_modules/@swc/helpers
359 silly ADD node_modules/@next/env
360 silly ADD node_modules/react-dom
361 silly ADD node_modules/react
362 silly ADD node_modules/next
363 verbose cwd /data/data/com.termux/files/home/downloads/testproj
364 verbose os Linux 6.1.128-android14-11-32532371-abX218USQSBEZBE
365 verbose node v25.8.2
366 verbose npm  v11.12.1
367 verbose exit 0
368 info ok
